<?xml version="1.0" encoding="UTF-8"?>
<!-- Generated by org.testng.reporters.JUnitReportReporter -->
<testsuite hostname="DESKTOP-GJRLVV7" failures="0" tests="1" name="com.weathersg.haf.action.HomePageAction" time="81.436" errors="0" timestamp="7 Feb 2021 11:52:42 GMT">
  <testcase classname="com.weathersg.haf.action.HomePageAction" name="HomeNav" time="81.436"/>
</testsuite> <!-- com.weathersg.haf.action.HomePageAction -->
