<?xml version="1.0" encoding="UTF-8"?>
<!-- Generated by org.testng.reporters.JUnitReportReporter -->
<testsuite hostname="DESKTOP-GJRLVV7" failures="0" tests="6" name="com.weathersg.haf.action.TestScriptTask2" time="7.070" errors="0" timestamp="7 Feb 2021 15:22:05 GMT">
  <testcase classname="com.weathersg.haf.action.TestScriptTask2" name="APIvsUIOvermorrowTemperaturesComparison" time="0.001"/>
  <testcase classname="com.weathersg.haf.action.TestScriptTask2" name="FourDayOutlookAPIResponseCheck" time="1.895"/>
  <testcase classname="com.weathersg.haf.action.TestScriptTask2" name="DayAfterTomorrowLowTempExtractionUI" time="0.024"/>
  <testcase classname="com.weathersg.haf.action.TestScriptTask2" name="HomeNav" time="5.070"/>
  <testcase classname="com.weathersg.haf.action.TestScriptTask2" name="NavigationTo4DayOutlookScreenCheck" time="0.056"/>
  <testcase classname="com.weathersg.haf.action.TestScriptTask2" name="DayAfterTomorrowHighTempExtractionUI" time="0.024"/>
</testsuite> <!-- com.weathersg.haf.action.TestScriptTask2 -->
